0 info it worked if it ends with ok
1 verbose cli [ '/usr/bin/nodejs',
1 verbose cli   '/usr/bin/npm',
1 verbose cli   'install',
1 verbose cli   '--save-dev',
1 verbose cli   'redux' ]
2 info using npm@1.4.21
3 info using node@v4.7.2
4 warn package.json indexof@0.0.1 No repository field.
5 verbose readDependencies using package.json deps
6 verbose cache add [ 'redux', null ]
7 verbose cache add name=undefined spec="redux" args=["redux",null]
8 verbose parsed url Url {
8 verbose parsed url   protocol: null,
8 verbose parsed url   slashes: null,
8 verbose parsed url   auth: null,
8 verbose parsed url   host: null,
8 verbose parsed url   port: null,
8 verbose parsed url   hostname: null,
8 verbose parsed url   hash: null,
8 verbose parsed url   search: null,
8 verbose parsed url   query: null,
8 verbose parsed url   pathname: 'redux',
8 verbose parsed url   path: 'redux',
8 verbose parsed url   href: 'redux' }
9 silly lockFile 80c932ec-redux redux
10 verbose lock redux /home/ivan/.npm/80c932ec-redux.lock
11 silly lockFile 80c932ec-redux redux
12 silly lockFile 80c932ec-redux redux
13 verbose addNamed [ 'redux', '' ]
14 verbose addNamed [ null, '*' ]
15 silly lockFile 3ae70e47-redux redux@
16 verbose lock redux@ /home/ivan/.npm/3ae70e47-redux.lock
17 silly addNameRange { name: 'redux', range: '*', hasData: false }
18 verbose request where is /redux
19 verbose request registry https://registry.npmjs.org/
20 verbose request id d14e4c2ee62a08f4
21 verbose url raw /redux
22 verbose url resolving [ 'https://registry.npmjs.org/', './redux' ]
23 verbose url resolved https://registry.npmjs.org/redux
24 verbose request where is https://registry.npmjs.org/redux
25 info trying registry request attempt 1 at 23:34:05
26 verbose etag W/"58e33f4f-24da1"
27 http GET https://registry.npmjs.org/redux
28 http 304 https://registry.npmjs.org/redux
29 silly registry.get cb [ 304,
29 silly registry.get   { date: 'Thu, 06 Apr 2017 20:34:05 GMT',
29 silly registry.get     via: '1.1 varnish',
29 silly registry.get     'cache-control': 'max-age=300',
29 silly registry.get     etag: 'W/"58e33f4f-24da1"',
29 silly registry.get     age: '72',
29 silly registry.get     connection: 'close',
29 silly registry.get     'x-served-by': 'cache-bma7027-BMA',
29 silly registry.get     'x-cache': 'HIT',
29 silly registry.get     'x-cache-hits': '1',
29 silly registry.get     'x-timer': 'S1491510845.130578,VS0,VE1',
29 silly registry.get     vary: 'Accept-Encoding' } ]
30 verbose etag https://registry.npmjs.org/redux from cache
31 silly addNameRange number 2 { name: 'redux', range: '*', hasData: true }
32 silly addNameRange versions [ 'redux',
32 silly addNameRange   [ '0.0.1',
32 silly addNameRange     '0.0.2',
32 silly addNameRange     '0.0.3',
32 silly addNameRange     '0.0.4',
32 silly addNameRange     '0.1.0',
32 silly addNameRange     '0.2.0',
32 silly addNameRange     '0.2.1',
32 silly addNameRange     '0.2.2',
32 silly addNameRange     '0.3.0',
32 silly addNameRange     '0.3.1',
32 silly addNameRange     '0.4.0',
32 silly addNameRange     '0.5.0',
32 silly addNameRange     '0.5.1',
32 silly addNameRange     '0.6.0',
32 silly addNameRange     '0.6.1',
32 silly addNameRange     '0.6.2',
32 silly addNameRange     '0.7.0',
32 silly addNameRange     '0.8.0',
32 silly addNameRange     '0.8.1',
32 silly addNameRange     '0.9.0',
32 silly addNameRange     '0.10.0',
32 silly addNameRange     '0.10.1',
32 silly addNameRange     '0.11.0',
32 silly addNameRange     '0.11.1',
32 silly addNameRange     '0.12.0',
32 silly addNameRange     '1.0.0-alpha',
32 silly addNameRange     '1.0.0-rc',
32 silly addNameRange     '1.0.0',
32 silly addNameRange     '1.0.1',
32 silly addNameRange     '2.0.0',
32 silly addNameRange     '3.0.0',
32 silly addNameRange     '3.0.1',
32 silly addNameRange     '3.0.2',
32 silly addNameRange     '3.0.3',
32 silly addNameRange     '3.0.4',
32 silly addNameRange     '3.0.5',
32 silly addNameRange     '3.0.6',
32 silly addNameRange     '3.1.0',
32 silly addNameRange     '3.1.1',
32 silly addNameRange     '3.1.2',
32 silly addNameRange     '3.1.3',
32 silly addNameRange     '3.1.4',
32 silly addNameRange     '3.1.5',
32 silly addNameRange     '3.1.6',
32 silly addNameRange     '3.1.7',
32 silly addNameRange     '3.2.0',
32 silly addNameRange     '3.2.1',
32 silly addNameRange     '3.3.0',
32 silly addNameRange     '3.3.1',
32 silly addNameRange     '3.4.0',
32 silly addNameRange     '3.5.0',
32 silly addNameRange     '3.5.1',
32 silly addNameRange     '3.5.2',
32 silly addNameRange     '3.6.0' ] ]
33 verbose addNamed [ 'redux', '3.6.0' ]
34 verbose addNamed [ '3.6.0', '3.6.0' ]
35 silly lockFile a49affa8-redux-3-6-0 redux@3.6.0
36 verbose lock redux@3.6.0 /home/ivan/.npm/a49affa8-redux-3-6-0.lock
37 silly lockFile a49affa8-redux-3-6-0 redux@3.6.0
38 silly lockFile a49affa8-redux-3-6-0 redux@3.6.0
39 silly lockFile 3ae70e47-redux redux@
40 silly lockFile 3ae70e47-redux redux@
41 silly resolved [ { name: 'redux',
41 silly resolved     version: '3.6.0',
41 silly resolved     description: 'Predictable state container for JavaScript apps',
41 silly resolved     main: 'lib/index.js',
41 silly resolved     module: 'es/index.js',
41 silly resolved     'jsnext:main': 'es/index.js',
41 silly resolved     typings: './index.d.ts',
41 silly resolved     files: [ 'dist', 'lib', 'es', 'src', 'index.d.ts' ],
41 silly resolved     scripts:
41 silly resolved      { clean: 'rimraf lib dist es coverage',
41 silly resolved        lint: 'npm run lint:src && npm run lint:examples',
41 silly resolved        'lint:src': 'eslint src test build',
41 silly resolved        'lint:examples': 'eslint examples',
41 silly resolved        test: 'cross-env BABEL_ENV=commonjs mocha --compilers js:babel-register --recursive',
41 silly resolved        'test:watch': 'npm test -- --watch',
41 silly resolved        'test:cov': 'cross-env BABEL_ENV=commonjs babel-node $(npm bin)/isparta cover $(npm bin)/_mocha -- --recursive',
41 silly resolved        'test:examples': 'cross-env BABEL_ENV=commonjs babel-node examples/testAll.js',
41 silly resolved        'check:src': 'npm run lint:src && npm run test',
41 silly resolved        'check:examples': 'npm run build:examples && npm run lint:examples && npm run test:examples',
41 silly resolved        'build:commonjs': 'cross-env BABEL_ENV=commonjs babel src --out-dir lib',
41 silly resolved        'build:es': 'cross-env BABEL_ENV=es babel src --out-dir es',
41 silly resolved        'build:umd': 'cross-env BABEL_ENV=commonjs NODE_ENV=development webpack src/index.js dist/redux.js',
41 silly resolved        'build:umd:min': 'cross-env BABEL_ENV=commonjs NODE_ENV=production webpack src/index.js dist/redux.min.js',
41 silly resolved        'build:examples': 'cross-env BABEL_ENV=commonjs babel-node examples/buildAll.js',
41 silly resolved        build: 'npm run build:commonjs && npm run build:es && npm run build:umd && npm run build:umd:min',
41 silly resolved        prepublish: 'npm run clean && npm run check:src && npm run build && check-es3-syntax lib/ dist/ --kill --print',
41 silly resolved        'docs:clean': 'rimraf _book',
41 silly resolved        'docs:prepare': 'gitbook install',
41 silly resolved        'docs:build': 'npm run docs:prepare && gitbook build -g reactjs/redux && cp logo/apple-touch-icon.png _book/gitbook/images/apple-touch-icon-precomposed-152.png && cp logo/favicon.ico _book/gitbook/images',
41 silly resolved        'docs:watch': 'npm run docs:prepare && gitbook serve',
41 silly resolved        'docs:publish': 'npm run docs:clean && npm run docs:build && cp CNAME _book && cd _book && git init && git commit --allow-empty -m \'update book\' && git checkout -b gh-pages && touch .nojekyll && git add . && git commit -am \'update book\' && git push git@github.com:reactjs/redux gh-pages --force' },
41 silly resolved     repository: { type: 'git', url: 'git+https://github.com/reactjs/redux.git' },
41 silly resolved     keywords:
41 silly resolved      [ 'redux',
41 silly resolved        'reducer',
41 silly resolved        'state',
41 silly resolved        'predictable',
41 silly resolved        'functional',
41 silly resolved        'immutable',
41 silly resolved        'hot',
41 silly resolved        'live',
41 silly resolved        'replay',
41 silly resolved        'flux',
41 silly resolved        'elm' ],
41 silly resolved     authors:
41 silly resolved      [ 'Dan Abramov <dan.abramov@me.com> (https://github.com/gaearon)',
41 silly resolved        'Andrew Clark <acdlite@me.com> (https://github.com/acdlite)' ],
41 silly resolved     license: 'MIT',
41 silly resolved     bugs: { url: 'https://github.com/reactjs/redux/issues' },
41 silly resolved     homepage: 'http://redux.js.org',
41 silly resolved     dependencies:
41 silly resolved      { lodash: '^4.2.1',
41 silly resolved        'lodash-es': '^4.2.1',
41 silly resolved        'loose-envify': '^1.1.0',
41 silly resolved        'symbol-observable': '^1.0.2' },
41 silly resolved     devDependencies:
41 silly resolved      { 'babel-cli': '^6.3.15',
41 silly resolved        'babel-core': '^6.3.15',
41 silly resolved        'babel-eslint': '^4.1.6',
41 silly resolved        'babel-loader': '^6.2.0',
41 silly resolved        'babel-plugin-check-es2015-constants': '^6.3.13',
41 silly resolved        'babel-plugin-transform-es2015-arrow-functions': '^6.3.13',
41 silly resolved        'babel-plugin-transform-es2015-block-scoped-functions': '^6.3.13',
41 silly resolved        'babel-plugin-transform-es2015-block-scoping': '^6.3.13',
41 silly resolved        'babel-plugin-transform-es2015-classes': '^6.3.13',
41 silly resolved        'babel-plugin-transform-es2015-computed-properties': '^6.3.13',
41 silly resolved        'babel-plugin-transform-es2015-destructuring': '^6.3.13',
41 silly resolved        'babel-plugin-transform-es2015-for-of': '^6.3.13',
41 silly resolved        'babel-plugin-transform-es2015-function-name': '^6.3.13',
41 silly resolved        'babel-plugin-transform-es2015-literals': '^6.3.13',
41 silly resolved        'babel-plugin-transform-es2015-modules-commonjs': '^6.3.13',
41 silly resolved        'babel-plugin-transform-es2015-object-super': '^6.3.13',
41 silly resolved        'babel-plugin-transform-es2015-parameters': '^6.3.13',
41 silly resolved        'babel-plugin-transform-es2015-shorthand-properties': '^6.3.13',
41 silly resolved        'babel-plugin-transform-es2015-spread': '^6.3.13',
41 silly resolved        'babel-plugin-transform-es2015-sticky-regex': '^6.3.13',
41 silly resolved        'babel-plugin-transform-es2015-template-literals': '^6.3.13',
41 silly resolved        'babel-plugin-transform-es2015-unicode-regex': '^6.3.13',
41 silly resolved        'babel-plugin-transform-es3-member-expression-literals': '^6.5.0',
41 silly resolved        'babel-plugin-transform-es3-property-literals': '^6.5.0',
41 silly resolved        'babel-plugin-transform-object-rest-spread': '^6.3.13',
41 silly resolved        'babel-register': '^6.3.13',
41 silly resolved        'check-es3-syntax-cli': '^0.1.1',
41 silly resolved        'cross-env': '^1.0.7',
41 silly resolved        eslint: '^1.10.3',
41 silly resolved        'eslint-config-rackt': '^1.1.1',
41 silly resolved        'eslint-plugin-react': '^3.16.1',
41 silly resolved        expect: '^1.8.0',
41 silly resolved        'gitbook-cli': '^2.3.0',
41 silly resolved        glob: '^6.0.4',
41 silly resolved        isparta: '^4.0.0',
41 silly resolved        mocha: '^2.2.5',
41 silly resolved        rimraf: '^2.3.4',
41 silly resolved        rxjs: '^5.0.0-beta.6',
41 silly resolved        typescript: '^1.8.0',
41 silly resolved        'typescript-definition-tester': '0.0.4',
41 silly resolved        webpack: '^1.9.6' },
41 silly resolved     npmName: 'redux',
41 silly resolved     npmFileMap: [ [Object] ],
41 silly resolved     browserify: { transform: [Object] },
41 silly resolved     gitHead: '3e114f8c0fd4461e2f642c2737d2fa8297484728',
41 silly resolved     _id: 'redux@3.6.0',
41 silly resolved     _shasum: '887c2b3d0b9bd86eca2be70571c27654c19e188d',
41 silly resolved     _from: 'redux@',
41 silly resolved     _npmVersion: '3.10.5',
41 silly resolved     _nodeVersion: '6.2.1',
41 silly resolved     _npmUser: { name: 'timdorr', email: 'timdorr@timdorr.com' },
41 silly resolved     dist:
41 silly resolved      { shasum: '887c2b3d0b9bd86eca2be70571c27654c19e188d',
41 silly resolved        tarball: 'https://registry.npmjs.org/redux/-/redux-3.6.0.tgz' },
41 silly resolved     maintainers: [ [Object], [Object], [Object] ],
41 silly resolved     _npmOperationalInternal:
41 silly resolved      { host: 'packages-16-east.internal.npmjs.com',
41 silly resolved        tmp: 'tmp/redux-3.6.0.tgz_1473013454637_0.147671053186059' },
41 silly resolved     directories: {},
41 silly resolved     _resolved: 'https://registry.npmjs.org/redux/-/redux-3.6.0.tgz',
41 silly resolved     readme: 'ERROR: No README data found!' } ]
42 info install redux@3.6.0 into /home/ivan/vk/src
43 info installOne redux@3.6.0
44 verbose node_modules/redux unbuild
45 error TypeError: glob.hasMagic is not a function
45 error     at rimraf (/usr/lib/nodejs/rimraf/rimraf.js:61:36)
45 error     at gentlyRm (/usr/share/npm/lib/utils/gently-rm.js:29:12)
45 error     at /usr/share/npm/lib/unbuild.js:31:20
45 error     at /usr/lib/nodejs/read-package-json/read-json.js:51:40
45 error     at ReadFileContext.<anonymous> (/usr/lib/nodejs/read-package-json/read-json.js:97:49)
45 error     at ReadFileContext.callback (/usr/lib/nodejs/graceful-fs/graceful-fs.js:78:16)
45 error     at FSReqWrap.readFileAfterOpen [as oncomplete] (fs.js:303:13)
46 error If you need help, you may report this *entire* log,
46 error including the npm and node versions, at:
46 error     <http://github.com/npm/npm/issues>
47 error System Linux 3.16.0-4-686-pae
48 error command "/usr/bin/nodejs" "/usr/bin/npm" "install" "--save-dev" "redux"
49 error cwd /home/ivan/vk/src
50 error node -v v4.7.2
51 error npm -v 1.4.21
52 verbose exit [ 1, true ]
